GET /api/contacts/qdggE76Jtbfd9eWJHrssH 11-05-2023_01:15:54
GET /api/contacts/ 11-05-2023_01:16:21
GET /api/contacts/ 11-05-2023_01:43:30
GET /api/contacts/05olLMgyVQdWRwgKfg5J6 11-05-2023_01:44:01
GET / 11-05-2023_01:51:34
GET / 11-05-2023_01:51:36
GET / 11-05-2023_01:51:36
GET / 11-05-2023_01:51:37
GET /api/contacts 11-05-2023_01:51:46
GET /api/contacts/05olLMgyVQdWRwgKfg5J64 11-05-2023_01:52:04
GET /api/contacts/05olLMgyVQdWRwgKfg5J6 11-05-2023_01:52:35
GET /api/contacts/ 11-05-2023_01:54:33
GET /api/contacts 11-05-2023_04:21:09
GET /api/contacts 11-05-2023_04:21:23
GET /api/contacts 11-05-2023_04:22:44
GET /api/contacts 11-05-2023_04:22:54
GET /api/contacts/rsKkOQUi80UsgVPCcLZZW 11-05-2023_04:23:10
GET /api/contacts 11-05-2023_04:31:17
GET /api/contacts 11-05-2023_05:10:34
GET /api/contacts 11-05-2023_05:11:10
GET /api/contacts8 11-05-2023_05:11:24
GET /api/contacts 11-05-2023_05:11:39
GET /api/contacts 11-05-2023_05:11:44
GET /api/contacts 11-05-2023_05:12:04
GET /api/contacts 11-05-2023_05:26:04
GET /api/contacts 11-05-2023_05:26:10
GET /api/contacts 11-05-2023_05:26:11
GET /api/contacts 11-05-2023_05:26:44
GET /api/contacts 12-05-2023_07:57:55
GET /api/contacts 12-05-2023_01:15:46
GET /favicon.ico 12-05-2023_01:15:47
GET /api/contacts 12-05-2023_01:21:50
GET /api/contacts 12-05-2023_06:09:11
GET /api/contacts/AeHIrLTr6JkxGE6SN-0Rw 12-05-2023_06:09:29
GET /api/contacts/AeHIrLTr6JkxGE6SN-0Rwt 12-05-2023_06:09:33
GET /api/contacts/AeHIrLTr6JkxGE6SN-0Rw 12-05-2023_07:38:07
GET /api/contacts/ 12-05-2023_07:38:18
GET /api/contacts/ 12-05-2023_07:48:56
GET /api/contacts/6 12-05-2023_07:49:07
GET /api/ 12-05-2023_07:49:19
GET /api/ 13-05-2023_01:23:02
GET /api/ 13-05-2023_01:23:23
GET /api/ 13-05-2023_01:23:25
GET /api/ 13-05-2023_01:23:54
GET /api/ 13-05-2023_01:24:11
GET /api/contact 13-05-2023_01:24:24
GET /api/contacts 13-05-2023_01:25:16
GET /api/contacts/4 13-05-2023_01:25:25
POST /api/contacts/ 13-05-2023_07:39:04
POST /api/contacts/ 13-05-2023_07:39:18
POST /api/contacts/ 13-05-2023_07:40:59
PUT /api/contacts/ 13-05-2023_07:42:31
GET /api/contacts/ 13-05-2023_07:42:43
GET /api/contacts/ 13-05-2023_07:43:02
GET /api/contacts/ 13-05-2023_07:43:32
PUT /api/contacts/ 13-05-2023_07:44:01
PATCH /api/contacts/ 13-05-2023_07:44:23
POST /api/contacts/ 13-05-2023_07:44:31
POST /api/contacts/ 13-05-2023_07:44:54
POST /api/contacts/ 13-05-2023_07:44:59
POST /api/contacts/ 13-05-2023_07:45:50
POST /api/contacts/ 13-05-2023_07:46:00
POST /api/contacts/ 13-05-2023_07:46:14
POST /api/contacts/ 13-05-2023_07:46:51
GET /api/contacts/ 13-05-2023_07:52:23
POST /api/contacts/ 13-05-2023_07:52:29
POST /api/contacts/ 13-05-2023_07:56:34
POST /api/contacts/ 13-05-2023_07:56:53
GET /api/contacts/ 13-05-2023_07:58:40
POST /api/contacts/ 13-05-2023_07:58:46
POST /api/contacts/ 13-05-2023_08:00:30
POST /api/contacts/ 13-05-2023_08:00:50
POST /api/contacts/ 13-05-2023_08:03:29
POST /api/contacts/ 13-05-2023_08:06:32
GET /api/contacts/ 13-05-2023_08:10:04
GET /api/contacts/ 13-05-2023_08:10:46
POST /api/contacts/ 13-05-2023_08:10:54
PUT /api/contacts/ 13-05-2023_08:11:20
GET /api/contacts/ 13-05-2023_08:11:28
PUT /api/contacts/ 13-05-2023_08:11:44
PUT /api/contacts/ 13-05-2023_08:12:16
PUT /api/contacts/ 13-05-2023_08:12:30
PUT /api/contacts/ 13-05-2023_08:12:39
GET /api/contacts/ 13-05-2023_08:12:49
PUT /api/contacts/ 13-05-2023_08:13:11
GET /api/contacts/horys0ThBTYI33QST36X9 13-05-2023_08:13:23
DELETE /api/contacts/horys0ThBTYI33QST36X9 13-05-2023_08:13:36
GET /api/contacts/horys0ThBTYI33QST36X9 13-05-2023_08:13:46
GET /api/contacts/horys0ThBTYI33QST36X9 13-05-2023_08:14:07
GET /api/contacts/ 13-05-2023_08:14:14
POST /api/contacts/ 13-05-2023_08:14:26
PUT /api/contacts/horys0ThBTYI33QST36X9%22 13-05-2023_08:16:49
PUT /api/contacts/horys0ThBTYI33QST36X9 13-05-2023_08:16:56
GET /api/contacts/horys0ThBTYI33QST36X9 13-05-2023_08:17:19
GET /api/contacts/ 13-05-2023_08:17:29
PUT /api/contacts/ 13-05-2023_08:17:54
PUT /api/contacts/oPTqNoAm_G_h6qMpTa8ni 13-05-2023_08:18:01
POST /api/contacts/oPTqNoAm_G_h6qMpTa8ni 13-05-2023_08:18:17
POST /api/contacts/ 13-05-2023_08:18:24
GET /api/contacts/ 13-05-2023_08:18:36
PUT /api/contacts/ 13-05-2023_08:22:44
PUT /api/contacts/ 13-05-2023_08:23:07
PUT /api/contacts/ 13-05-2023_08:23:14
POST /api/contacts/ 13-05-2023_08:23:26
PUT /api/contacts/ 13-05-2023_08:23:49
PUT /api/contacts/ 13-05-2023_08:32:56
PUT /api/contacts/ 13-05-2023_08:33:04
PUT /api/contacts/ 13-05-2023_08:33:11
POST /api/contacts/PbLPBVl-7Vz67lhUcWK1D 13-05-2023_08:46:45
PUT /api/contacts/PbLPBVl-7Vz67lhUcWK1D 13-05-2023_08:47:03
GET /api/contacts/PbLPBVl-7Vz67lhUcWK1D 13-05-2023_08:47:54
PUT /api/contacts/PbLPBVl-7Vz67lhUcWK1D 13-05-2023_08:48:18
GET /api/contacts/PbLPBVl-7Vz67lhUcWK1D 13-05-2023_08:48:28
GET /api/contacts/PbLPBVl-7Vz67lhUcWK1D 13-05-2023_08:49:02
GET /api/contacts/ 13-05-2023_08:49:07
PUT /api/contacts/PbLPBVl-7Vz67lhUcWK1D 13-05-2023_08:50:02
PUT /api/contacts/PbLPBVl-7Vz67lhUcWK1D 13-05-2023_08:50:21
PUT /api/contacts/PbLPBVl-7Vz67lhUcWK1D 13-05-2023_08:51:09
PUT /api/contacts/PbLPBVl-7Vz67lhUcWK1D 13-05-2023_08:51:22
PUT /api/contacts/PbLPBVl-7Vz67lhUcWK1D 14-05-2023_07:31:04
POST /api/contacts/PbLPBVl-7Vz67lhUcWK1D 15-05-2023_08:53:30
POST /api/contacts/PbLPBVl-7Vz67lhUcWK1D 15-05-2023_08:54:20
POST /api/contacts/PbLPBVl-7Vz67lhUcWK1D 15-05-2023_08:57:34
POST /api/contacts/PbLPBVl-7Vz67lhUcWK1D 15-05-2023_08:57:57
POST /api/contacts/PbLPBVl-7Vz67lhUcWK1D 15-05-2023_09:15:53
POST /api/contacts/PbLPBVl-7Vz67lhUcWK1D 15-05-2023_09:17:42
POST /api/contacts/ 15-05-2023_09:17:54
GET /api/contacts/ 15-05-2023_09:18:04
POST /api/contacts/vza2RIzNGIwutCVCs4mCL 15-05-2023_09:18:14
POST /api/contacts/vza2RIzNGIwutCVCs4mCL 15-05-2023_09:18:31
PUT /api/contacts/vza2RIzNGIwutCVCs4mCL 15-05-2023_09:22:07
PUT /api/contacts/ 15-05-2023_09:37:44
POST /api/contacts/ 15-05-2023_09:37:53
GET /api/contacts/ 15-05-2023_09:38:30
POST /api/contacts/AeHIrLTr6JkxGE6SN-0Rw 15-05-2023_09:38:44
POST /api/contacts/AeHIrLTr6JkxGE6SN-0Rw 15-05-2023_09:38:55
POST /api/contacts/ 15-05-2023_09:39:32
PUT /api/contacts/55 15-05-2023_09:40:37
PUT /api/contacts/55 15-05-2023_09:40:48
PUT /api/contacts/55 15-05-2023_09:47:37
PUT /api/contacts/55 15-05-2023_09:48:45
PUT /api/contacts/55 15-05-2023_09:55:28
GET /api/contacts/55 15-05-2023_09:56:59
GET /api/contacts/ 15-05-2023_09:57:08
PUT /api/contacts/ 15-05-2023_09:57:14
PUT /api/contacts/99 15-05-2023_09:57:19
PUT /api/contacts/99 15-05-2023_10:02:01
PUT /api/contacts/99 15-05-2023_10:08:13
PUT /api/contacts/99 15-05-2023_10:09:38
PUT /api/contacts/99 15-05-2023_10:10:03
PUT /api/contacts/ 15-05-2023_10:16:00
PUT /api/contacts/ 15-05-2023_10:23:05
PUT /api/contacts/ 15-05-2023_10:23:12
PUT /api/contacts/88 15-05-2023_10:23:19
GET /api/contacts/88 15-05-2023_10:26:15
GET /api/contacts/ 15-05-2023_10:29:22
PUT /api/contacts/bW6lq-ZOshbWGPu-L-pjT 15-05-2023_10:29:40
PUT /api/contacts/bW6lq-ZOshbWGPu-L-pjT 15-05-2023_10:30:22
PUT /api/contacts/bW6lq-ZOshbWGPu-L-pjT 15-05-2023_10:30:34
PUT /api/contacts/bW6lq-ZOshbWGPu-L-pjT 15-05-2023_10:30:47
PUT /api/contacts/bW6lq-ZOshbWGPu-L-pjT 15-05-2023_10:30:54
PUT /api/contacts/bW6lq-ZOshbWGPu-L-pjT8 15-05-2023_10:32:32
PUT /api/contacts/bW6lq-ZOshbWGPu-L-pjT8 15-05-2023_10:33:36
PUT /api/contacts/bW6lq-ZOshbWGPu-L-pjT8 15-05-2023_10:38:22
POST /api/contacts/ 15-05-2023_10:39:55
POST /api/contacts/ 15-05-2023_10:40:02
POST /api/contacts/ 15-05-2023_10:40:40
POST /api/contacts/ 15-05-2023_10:48:23
GET /api/contacts 15-05-2023_10:55:37
POST /api/contacts 15-05-2023_10:55:53
POST /api/contacts/Roo%D0%AE44oo 15-05-2023_10:56:26
POST /api/contacts/ 15-05-2023_10:56:49
POST /api/contacts/ 15-05-2023_10:57:58
POST /api/contacts/ 15-05-2023_11:15:54
POST /api/contacts/ 15-05-2023_11:25:48
POST /api/contacts/ 15-05-2023_11:25:58
POST /api/contacts/ 15-05-2023_11:29:32
DELETE /api/contacts/KmFC85IqSeSKWT1nV9tl6 15-05-2023_11:29:49
GET /api/contacts/ 15-05-2023_11:30:01
PATCH /api/contacts/ 15-05-2023_11:40:27
GET /api/contacts/AeHIrLTr6JkxGE6SN-0Rw 15-05-2023_11:40:56
PATCH /api/contacts/AeHIrLTr6JkxGE6SN-0Rw 15-05-2023_11:41:02
PATCH /api/contacts/AeHIrLTr6JkxGE6SN-0Rw 15-05-2023_11:41:09
PATCH /api/contacts/AeHIrLTr6JkxGE6SN-0Rw 15-05-2023_11:42:18
PUT /api/contacts/AeHIrLTr6JkxGE6SN-0Rw 15-05-2023_11:42:44
POST /api/contacts/AeHIrLTr6JkxGE6SN-0Rw 15-05-2023_11:43:19
POST /api/contacts/ 15-05-2023_11:43:25
POST /api/contacts/ 15-05-2023_11:43:44
POST /api/contacts/ 15-05-2023_12:01:55
POST /api/contacts/ 15-05-2023_12:02:29
POST /api/contacts/ 15-05-2023_12:02:37
GET /api/contacts 15-05-2023_01:58:18
GET /api/contacts/FsWEDdg15ISrdm0nPSbLT 15-05-2023_01:58:40
GET /api/contacts/FsWEDdg15ISrdm0nPSbLT 15-05-2023_05:36:43
GET /api/contacts/ 16-05-2023_11:12:26
PUT /api/contacts/kkk 16-05-2023_11:13:07
POST /api/contacts/kkk 16-05-2023_11:14:56
POST /api/contacts/FsWEDdg15ISrdm0nPSbLT 16-05-2023_11:16:04
POST /api/contacts/ 16-05-2023_11:16:17
POST /api/contacts/ 16-05-2023_11:16:28
POST /api/contacts/ 16-05-2023_11:20:02
POST /api/contacts/ 16-05-2023_11:26:03
POST /api/contacts/ 16-05-2023_11:32:56
POST /api/contacts/ 16-05-2023_11:35:58
POST /api/contacts/ 16-05-2023_11:36:14
POST /api/contacts/ 16-05-2023_11:36:33
POST /api/contacts/ 16-05-2023_11:36:41
POST /api/contacts/ 16-05-2023_11:38:38
POST /api/contacts/ 16-05-2023_11:42:35
POST /api/contacts/ 16-05-2023_11:45:36
POST /api/contacts/ 16-05-2023_11:46:11
POST /api/contacts/ 16-05-2023_11:46:32
POST /api/contacts/ 16-05-2023_11:47:03
POST /api/contacts/ 16-05-2023_11:48:31
POST /api/contacts/ 16-05-2023_11:55:32
POST /api/contacts/ 16-05-2023_12:00:49
POST /api/contacts/ 16-05-2023_12:07:18
POST /api/contacts/ 16-05-2023_12:10:21
POST /api/contacts/ 16-05-2023_12:12:02
POST /api/contacts/ 16-05-2023_12:12:43
POST /api/contacts/ 16-05-2023_12:13:37
POST /api/contacts/ 16-05-2023_12:14:07
POST /api/contacts/ 16-05-2023_12:14:10
POST /api/contacts/ 16-05-2023_12:15:36
POST /api/contacts/ 16-05-2023_12:17:06
POST /api/contacts/ 16-05-2023_12:20:22
POST /api/contacts/ 16-05-2023_12:34:46
POST /api/contacts/ 16-05-2023_12:35:09
POST /api/contacts/ 16-05-2023_12:38:27
POST /api/contacts/ 16-05-2023_12:39:39
POST /api/contacts/ 16-05-2023_12:40:22
POST /api/contacts/ 16-05-2023_12:40:46
POST /api/contacts/ 16-05-2023_12:42:03
POST /api/contacts/ 16-05-2023_12:45:49
POST /api/contacts/ 16-05-2023_12:46:23
POST /api/contacts/ 16-05-2023_12:47:44
POST /api/contacts/ 16-05-2023_12:50:53
POST /api/contacts/ 16-05-2023_12:51:33
POST /api/contacts/ 16-05-2023_12:52:37
POST /api/contacts/ 16-05-2023_12:53:37
POST /api/contacts/ 16-05-2023_12:53:59
POST /api/contacts/ 16-05-2023_12:55:03
POST /api/contacts/ 16-05-2023_12:55:37
POST /api/contacts/ 16-05-2023_01:01:29
POST /api/contacts/ 16-05-2023_01:03:33
POST /api/contacts/ 16-05-2023_01:03:51
POST /api/contacts/ 16-05-2023_01:08:50
POST /api/contacts/ 16-05-2023_01:12:33
PUT /api/contacts/ 16-05-2023_01:12:51
PUT /api/contacts/o7mNF7QcezhvOImJrz2FA 16-05-2023_01:13:46
PUT /api/contacts/o7mNF7QcezhvOImJrz2FA 16-05-2023_01:14:05
PUT /api/contacts/o7mNF7QcezhvOImJrz2FA 16-05-2023_01:19:24
PUT /api/contacts/ 16-05-2023_01:19:35
PUT /api/contacts/ 16-05-2023_01:20:48
PUT /api/contacts/rtyryr 16-05-2023_01:21:27
PUT /api/contacts/rtyryr 16-05-2023_01:22:39
PUT /api/contacts/rtyryr 16-05-2023_01:22:52
PUT /api/contacts/rtyryr 16-05-2023_01:24:59
PUT /api/contacts/rtyryr 16-05-2023_01:31:02
PUT /api/contacts/rtyryr 16-05-2023_01:31:07
PUT /api/contacts/rtyryr 16-05-2023_01:32:05
PUT /api/contacts/rtyryr 16-05-2023_01:32:09
PUT /api/contacts/rtyryr 16-05-2023_01:34:21
PUT /api/contacts/rtyryr 16-05-2023_01:35:06
PUT /api/contacts/rtyryr 16-05-2023_01:41:40
PUT /api/contacts/rtyryr 16-05-2023_01:41:47
PUT /api/contacts/rtyryr 16-05-2023_01:42:26
PUT /api/contacts/rtyryr 16-05-2023_01:59:10
PUT /api/contacts/rtyryr 16-05-2023_01:59:26
PUT /api/contacts/rtyryr 16-05-2023_02:00:26
POST /api/contacts/rtyryr 16-05-2023_02:00:43
POST /api/contacts/ 16-05-2023_02:00:51
POST /api/contacts/ 16-05-2023_02:06:10
PUT /api/contacts/ 16-05-2023_02:06:55
PUT /api/contacts/fdfdf 16-05-2023_02:07:04
PUT /api/contacts/o7mNF7QcezhvOImJrz2FA 16-05-2023_02:08:09
PUT /api/contacts/o7mNF7QcezhvOImJrz2FA 16-05-2023_02:08:19
POST /api/contacts/o7mNF7QcezhvOImJrz2FA 16-05-2023_02:08:31
POST /api/contacts/ 16-05-2023_02:08:40
POST /api/contacts/ 16-05-2023_02:10:13
POST /api/contacts/ 16-05-2023_02:13:04
POST /api/contacts/ 16-05-2023_02:14:28
POST /api/contacts/ 16-05-2023_02:14:42
PUT /api/contacts/fgfgfg 16-05-2023_02:15:10
PUT /api/contacts/fgfgfg 16-05-2023_02:15:43
PUT /api/contacts/fgfgfg 16-05-2023_02:18:51
POST /api/contacts/fgfgfg 16-05-2023_02:18:59
POST /api/contacts/ 16-05-2023_02:19:06
POST /api/contacts/ 16-05-2023_02:19:49
POST /api/contacts/ 16-05-2023_02:19:51
POST /api/contacts/ 16-05-2023_02:20:28
POST /api/contacts/ 16-05-2023_02:20:31
PUT /api/contacts/ 16-05-2023_02:20:40
PUT /api/contacts/dfdfdf 16-05-2023_02:20:44
PUT /api/contacts/dfdfdf 16-05-2023_02:27:23
POST /api/contacts/dfdfdf 16-05-2023_02:27:29
POST /api/contacts/ 16-05-2023_02:27:35
PUT /api/contacts/ 16-05-2023_02:27:52
PUT /api/contacts/jhj 16-05-2023_02:27:57
POST /api/contacts/jhj 16-05-2023_02:29:22
POST /api/contacts/ 16-05-2023_02:29:27
POST /api/contacts/ 16-05-2023_02:49:33
POST /api/contacts/kjj 16-05-2023_02:49:37
PUT /api/contacts/kjj 16-05-2023_02:49:42
PUT /api/contacts/kjj 16-05-2023_02:49:48
PUT /api/contacts/ 16-05-2023_02:50:16
PUT /api/contacts/;lk;l;j 16-05-2023_02:50:22
PUT /api/contacts/;lk;l;j 16-05-2023_02:55:01
PUT /api/contacts/;lk;l;j 16-05-2023_02:56:15
PUT /api/contacts/;lk;l;j 16-05-2023_02:56:25
GET /api/contacts/ 17-05-2023_02:05:00
GET /api/contacts/ 17-05-2023_02:27:19
GET /api/contacts/FsWEDdg15ISrdm0nPSbLT 17-05-2023_02:27:38
GET /api/contacts/FsWEDdg15ISrdm0nPSbLT 17-05-2023_03:24:25
GET /api/contacts/ 17-05-2023_09:21:58
GET /api/contacts/qdggE76Jtbfd9eWJHrssH 17-05-2023_09:22:14
GET /api/contacts/qdggE76Jtbfd9eWJHrssH 18-05-2023_11:40:34
GET /api/contacts/ 18-05-2023_11:40:43
POST /api/contacts/ 18-05-2023_12:30:52
POST /api/contacts/ 18-05-2023_12:32:01
POST /api/contacts/ 18-05-2023_12:33:03
POST /api/contacts/ 18-05-2023_12:35:07
POST /api/contacts/ 18-05-2023_12:35:46
POST /api/contacts/ 18-05-2023_12:36:21
POST /api/contacts/ 18-05-2023_12:38:47
POST /api/contacts/ 18-05-2023_12:38:57
POST /api/contacts/ 18-05-2023_12:39:49
POST /api/contacts/ 18-05-2023_12:40:55
POST /api/contacts/ 18-05-2023_12:41:27
POST /api/contacts/ 18-05-2023_12:41:38
POST /api/contacts/ 18-05-2023_12:48:34
POST /api/contacts/ 18-05-2023_12:56:07
POST /api/contacts/ 18-05-2023_12:56:39
POST /api/contacts/ 18-05-2023_12:56:58
POST /api/contacts/ 18-05-2023_12:57:34
POST /api/contacts/ 18-05-2023_12:58:49
POST /api/contacts/ 18-05-2023_01:00:33
POST /api/contacts/ 18-05-2023_01:03:20
POST /api/contacts/ 18-05-2023_01:09:15
POST /api/contacts/ 18-05-2023_01:15:07
POST /api/contacts/ 18-05-2023_01:16:17
POST /api/contacts/ 18-05-2023_01:16:28
POST /api/contacts/ 18-05-2023_01:19:28
POST /api/contacts/ 18-05-2023_01:19:38
GET /api/contacts/ 18-05-2023_04:10:15
POST /api/contacts/ 19-05-2023_10:22:48
GET /api/contacts/ 19-05-2023_10:22:54
GET /api/contacts/64628ace9a00708315c5d535 19-05-2023_10:23:04
GET /api/contacts/ 19-05-2023_11:59:00
GET /api/contacts/646723c8c5f82a96889b030e 19-05-2023_11:59:17
GET /api/contacts/ 19-05-2023_11:59:44
GET /api/contacts/64628ace9a00708315c5d538 19-05-2023_11:59:53
GET /api/contacts/64628ace9a00708315c5d538 19-05-2023_12:00:34
GET /api/contacts/64628ace9a00708315c5d538 19-05-2023_12:03:27
GET /api/contacts/64628ace9a00708315c5d538 19-05-2023_12:12:14
POST /api/contacts/64628ace9a00708315c5d538 19-05-2023_12:12:39
PUT /api/contacts/64628ace9a00708315c5d538 19-05-2023_12:13:12
POST /api/contacts/ 19-05-2023_12:13:44
GET /api/contacts/6465faabd23bac3946f885d7 19-05-2023_12:16:12
PUT /api/contacts/6465faabd23bac3946f885d7 19-05-2023_12:16:31
PATCH /api/contacts/6465faabd23bac3946f885d7 19-05-2023_12:20:01
PATCH /api/contacts/6465faabd23bac3946f885d7 19-05-2023_12:20:16
PATCH /api/contacts/ 19-05-2023_12:20:22
PATCH /api/contacts/ 19-05-2023_01:08:15
GET /api/contacts/ 19-05-2023_01:08:28
DELETE /api/contacts/6465f94beadb6adc670fa862 19-05-2023_01:08:57
DELETE /api/contacts/6465f94beadb6adc670fa862 19-05-2023_01:09:07
DELETE /api/contacts/6465f94beadb6adc670fa862 19-05-2023_01:09:42
DELETE /api/contacts/6465faabd23bac3946f885d7 19-05-2023_01:10:21
DELETE /api/contacts/6465fbb0cacd84e1ae57c5a7 19-05-2023_01:10:53
DELETE /api/contacts/6465fbb0cacd84e1ae57c5a7 19-05-2023_01:11:00
DELETE /api/contacts/6465fbbacacd84e1ae57c5a9 19-05-2023_01:11:27
GET /api/contacts/ 19-05-2023_01:37:18
GET /api/contacts/ 19-05-2023_01:37:23
GET /api/contacts/ 19-05-2023_01:38:05
GET /api/contacts/ 19-05-2023_01:42:36
GET /api/contacts/ 19-05-2023_01:42:57
GET /api/contacts/ 19-05-2023_01:43:29
GET /api/contacts/ 19-05-2023_01:43:35
GET /api/contacts/ 19-05-2023_01:45:48
GET /api/contacts/ 19-05-2023_01:46:11
PATCH /api/contacts/schemas%20 19-05-2023_01:46:56
GET /api/contacts/ 19-05-2023_01:47:17
PATCH /api/contacts/64628ace9a00708315c5d537 19-05-2023_01:47:33
PUT /api/contacts/64628ace9a00708315c5d537 19-05-2023_01:51:27
GET /api/contacts/ 19-05-2023_01:51:42
PUT /api/contacts/64628ace9a00708315c5d537 19-05-2023_01:52:07
PUT /api/contacts/64628ace9a00708315c5d537 19-05-2023_01:52:18
POST /api/contacts/64628ace9a00708315c5d537 19-05-2023_01:52:33
POST /api/contacts/64628ace9a00708315c5d537 19-05-2023_02:03:37
POST /api/contacts/ 19-05-2023_02:03:56
GET /api/contacts/ 19-05-2023_02:04:16
DELETE /api/contacts/6467579c2bd959d1c90faf50 19-05-2023_02:04:57
GET /api/contacts/ 19-05-2023_02:05:07
GET /api/contacts/64673dc8376aa37edb3b6c24 19-05-2023_02:06:04
PATCH /api/contacts/64673dc8376aa37edb3b6c24 19-05-2023_02:06:17
GET /api/contacts/64673dc8376aa37edb3b6c24 19-05-2023_02:06:53
GET /api/contacts/64673dc8376aa37edb3b6c24 19-05-2023_02:07:00
GET /api/contacts/64673dc8376aa37edb3b6c24 19-05-2023_02:07:12
GET /api/contacts/ 19-05-2023_02:07:19
GET /api/contacts/64628ace9a00708315c5d537 19-05-2023_02:07:30
GET /api/contacts/64628ace9a00708315c5d537 19-05-2023_02:09:19
GET /api/contacts/64628ace9a00708315c5d5376 19-05-2023_02:09:41
GET /api/contacts/64628ace9a00708315c5d537 19-05-2023_02:09:59
GET /api/contacts/64628ace9a00708315c5d537 19-05-2023_02:10:11
GET /api/contacts/64628ace9a00708315c5d537 19-05-2023_02:11:54
GET /api/contacts/64628ace9a00708315c5d537 19-05-2023_02:12:08
GET /api/contacts/64628ace9a00708315c5d537 19-05-2023_02:12:39
PATCH /api/contacts/64628ace9a00708315c5d537 19-05-2023_02:13:12
PATCH /api/contacts/64628ace9a00708315c5d537 19-05-2023_02:13:26
GET /api/contacts/64628ace9a00708315c5d537 19-05-2023_02:13:54
PATCH /api/contacts/64628ace9a00708315c5d537 19-05-2023_02:14:11
GET /api/contacts/64628ace9a00708315c5d537 19-05-2023_02:53:18
GET /api/contacts/64628ace9a00708315c5d537 19-05-2023_02:53:24
GET /api/contacts/64628ace9a00708315c5d537 19-05-2023_02:53:43
GET /api/contacts/ 19-05-2023_02:53:51
GET /api/contacts/64628ace9a00708315c5d537 19-05-2023_02:54:00
GET /api/contacts/64628ace9a00708315c5d537 19-05-2023_02:54:32
GET /api/contacts/64628ace9a00708315c5d537 19-05-2023_02:54:40
GET /api/contacts/64628ace9a00708315c5d537 19-05-2023_02:55:02
PATCH /api/contacts/64628ace9a00708315c5d537 19-05-2023_02:55:27
PATCH /api/contacts/64628ace9a00708315c5d537 19-05-2023_02:55:38
PATCH /api/contacts/64628ace9a00708315c5d537 19-05-2023_03:02:41
PATCH /api/contacts/64628ace9a00708315c5d537 19-05-2023_03:02:55
GET /api/contacts/64628ace9a00708315c5d537 19-05-2023_03:03:24
GET /api/contacts/64628ace9a00708315c5d537/favorite 19-05-2023_03:03:35
GET /api/contacts/64628ace9a00708315c5d537/favorite 19-05-2023_03:04:20
GET /api/contacts/64628ace9a00708315c5d537/ 19-05-2023_03:04:27
PATCH /api/contacts/64628ace9a00708315c5d537/ 19-05-2023_03:04:41
PATCH /api/contacts/64628ace9a00708315c5d537/ 19-05-2023_03:06:30
PATCH /api/contacts/64628ace9a00708315c5d537/ 19-05-2023_03:14:36
PATCH /api/contacts/64628ace9a00708315c5d537 19-05-2023_03:14:48
PATCH /api/contacts/64628ace9a00708315c5d537 19-05-2023_03:16:55
PATCH /api/contacts/64628ace9a00708315c5d537 19-05-2023_03:20:04
PATCH /api/contacts/64628ace9a00708315c5d537 19-05-2023_03:20:08
PATCH /api/contacts/64628ace9a00708315c5d537 19-05-2023_03:23:02
GET /api/contacts/64628ace9a00708315c5d537 19-05-2023_03:23:20
PATCH /api/contacts/64628ace9a00708315c5d537 19-05-2023_03:23:31
PATCH /api/contacts/64628ace9a00708315c5d537 19-05-2023_03:24:04
PATCH /api/contacts/64628ace9a00708315c5d537 19-05-2023_03:24:06
PATCH /api/contacts/64628ace9a00708315c5d537 19-05-2023_03:27:16
PATCH /api/contacts/64628ace9a00708315c5d537 19-05-2023_03:32:49
PATCH /api/contacts/64628ace9a00708315c5d537 19-05-2023_03:32:52
PATCH /api/contacts/64628ace9a00708315c5d537 19-05-2023_03:33:59
PATCH /api/contacts/64628ace9a00708315c5d537 19-05-2023_03:34:02
PATCH /api/contacts/64628ace9a00708315c5d537 19-05-2023_03:40:48
GET /api/contacts/64628ace9a00708315c5d537 19-05-2023_03:41:09
PATCH /api/contacts/64628ace9a00708315c5d537 19-05-2023_03:41:49
PATCH /api/contacts/64628ace9a00708315c5d537/favorite 19-05-2023_03:45:40
PATCH /api/contacts/64628ace9a00708315c5d537/favorite 19-05-2023_03:48:20
PATCH /api/contacts/64628ace9a00708315c5d537/favorite 19-05-2023_03:52:13
PATCH /api/contacts/64628ace9a00708315c5d537/name 19-05-2023_03:55:51
PATCH /api/contacts/64628ace9a00708315c5d537/name 19-05-2023_03:55:57
PATCH /api/contacts/64628ace9a00708315c5d537/favorite 19-05-2023_03:56:18
PATCH /api/contacts/64628ace9a00708315c5d537/favorite 19-05-2023_03:56:31
PATCH /api/contacts/64628ace9a00708315c5d537/favorite 19-05-2023_03:56:39
PATCH /api/contacts/64628ace9a00708315c5d537/favorite 19-05-2023_04:00:01
PATCH /api/contacts/64628ace9a00708315c5d537/favorite 19-05-2023_04:00:25
PATCH /api/contacts/64628ace9a00708315c5d537/favorite 19-05-2023_04:03:10
PATCH /api/contacts/64628ace9a00708315c5d537/favorite 19-05-2023_04:05:30
PATCH /api/contacts/64628ace9a00708315c5d537/favorite 19-05-2023_04:49:48
PATCH /api/contacts/64628ace9a00708315c5d537/favorite 19-05-2023_04:49:57
GET /api/contacts/64628ace9a00708315c5d537/ 19-05-2023_04:50:09
GET /api/contacts/ 19-05-2023_04:50:16
POST /api/contacts/ 19-05-2023_04:50:44
GET /api/contacts/ 19-05-2023_04:50:57
PUT /api/contacts/64677eb40cb188072256cbcf 19-05-2023_04:51:12
PUT /api/contacts/64677eb40cb188072256cbcf 19-05-2023_04:51:22
PUT /api/contacts/64677eb40cb188072256cbcf/favorite 19-05-2023_04:51:50
PUT /api/contacts/64677eb40cb188072256cbcf/favorite 19-05-2023_04:51:59
PATCH /api/contacts/64677eb40cb188072256cbcf/favorite 19-05-2023_04:52:05
DELETE /api/contacts/64677eb40cb188072256cbcf 19-05-2023_04:52:17
GET /api/contacts/64677eb40cb188072256cbcf 19-05-2023_05:09:34
GET /api/contacts/ 19-05-2023_05:09:46
GET /api/contacts/64628ace9a00708315c5d53d 19-05-2023_05:10:00
PATCH /api/contacts/64628ace9a00708315c5d53d 19-05-2023_05:10:13
PATCH /api/contacts/64628ace9a00708315c5d53d/favorite 19-05-2023_05:10:36
PATCH /api/contacts/64628ace9a00708315c5d753d/favorite 19-05-2023_05:11:11
PATCH /api/contacts/64628ace9a007083155d753d/favorite 19-05-2023_05:11:18
PATCH /api/contacts/64628ace9a007083155d753d/favorite 19-05-2023_05:12:30
PATCH /api/contacts/64628ace9a007083155d753d/favorite 19-05-2023_05:12:40
PATCH /api/contacts/64628ace9a007083155d753d/favorite 19-05-2023_05:13:29
GET /favicon.ico 19-05-2023_08:54:35
POST /api/contacts/ 20-05-2023_03:55:13
POST /api/contacts/ 20-05-2023_04:02:19
POST /api/contacts/ 20-05-2023_04:12:36
POST /api/contacts/ 20-05-2023_04:25:26
GET /api/contacts/ 20-05-2023_04:26:42
POST /api/contacts/ 20-05-2023_04:26:58
POST /api/contacts/ 20-05-2023_04:27:22
POST /api/contacts/ 20-05-2023_04:27:40
POST /api/contacts/ 20-05-2023_04:30:20
POST /api/contacts/ 20-05-2023_04:42:42
POST /api/contacts/ 20-05-2023_04:47:53
PUT /api/contacts/ 20-05-2023_04:52:55
PUT /api/contacts/ 20-05-2023_04:53:17
GET /api/contacts/ 20-05-2023_04:53:47
PUT /api/contacts/64628ace9a00708315c5d538 20-05-2023_04:53:58
PUT /api/contacts/64628ace9a00708315c5d538 20-05-2023_04:54:08
PUT /api/contacts/64628ace9a00708315c5d5380 20-05-2023_04:54:27
PATCH /api/contacts/64628ace9a00708315c5d5380 20-05-2023_04:54:38
PATCH /api/contacts/64628ace9a00708315c5d5380 20-05-2023_04:55:14
PATCH /api/contacts/64628ace9a00708315c5d5380 20-05-2023_04:55:46
PUT /api/contacts/64628ace9a00708315c5d5380 20-05-2023_04:55:54
PUT /api/contacts/64628ace9a00708315c5d5380 20-05-2023_04:58:48
PUT /api/contacts/64628ace9a00708385c5d538 20-05-2023_04:59:13
PUT /api/contacts/64628ace7700708385c5d538 20-05-2023_04:59:43
PATCH /api/contacts/64628ace7700708385c5d538 20-05-2023_04:59:58
GET /api/contacts/64628ace7700708385c5d538 20-05-2023_05:02:28
GET /api/contacts 20-05-2023_05:02:35
GET /api/contacts/6465f66afbd0010d6246550d 20-05-2023_05:02:49
PATCH /api/contacts/6465f66afbd0010d6246550d 20-05-2023_05:03:08
PATCH /api/contacts/6465f66afbd0010d6246550d/favorite 20-05-2023_05:03:36
PATCH /api/contacts/6465f66afbd0010d6246550d/favorite 20-05-2023_05:04:03
GET /api/contacts/ 20-05-2023_05:05:09
PATCH /api/contacts/6468cf89d4e9c2b5f3daf179/favorite 20-05-2023_05:05:40
PATCH /api/contacts/6468cf89d4e9c2b5f3daf179/favorite 20-05-2023_05:05:50
PATCH /api/contacts/6468cf89d4e9c2b5f3daf179/favorite 20-05-2023_05:05:56
POST /api/contacts/ 20-05-2023_05:19:16
POST /api/contacts/ 20-05-2023_05:20:32
POST /api/contacts/ 20-05-2023_05:20:35
POST /api/contacts/ 20-05-2023_05:21:43
POST /api/contacts/ 20-05-2023_05:21:46
POST /api/contacts/ 20-05-2023_05:22:25
GET /api/contacts/ 20-05-2023_05:26:54
PATCH /api/contacts/6468cf89d4e9c2b5f3daf179/favorite 20-05-2023_05:27:19
PATCH /api/contacts/6468cf89d4e9c2b5f3daf179/favorite 20-05-2023_05:28:28
PATCH /api/contacts/6468cf89d4e9c2b5f3daf179/favorite 20-05-2023_05:34:17
PATCH /api/contacts/6468cf89d4e9c2b5f3daf179/favorite 20-05-2023_05:34:36
PATCH /api/contacts/6468cf89d4e9c2b5f3daf179/favorite 20-05-2023_05:34:41
PATCH /api/contacts/6468cf89d4e9c2b5f3daf179/favorite 20-05-2023_05:36:46
PUT /api/contacts/6468cf89d4e9c2b5f3daf179/favorite 20-05-2023_05:38:05
PUT /api/contacts/6468cf89d4e9c2b5f3daf179/favorite 20-05-2023_05:38:08
PUT /api/contacts/6468cf89d4e9c2b5f3daf179 20-05-2023_05:38:18
PUT /api/contacts/6468cf89d4e9c2b5f3daf179 20-05-2023_05:41:39
PUT /api/contacts/6468cf89d4e9c2b5f3daf179 20-05-2023_05:41:45
PUT /api/contacts/6468cf89d4e9c2b5f3daf179 20-05-2023_05:41:50
PUT /api/contacts/6468cf89d4e9c2b5f3daf179 20-05-2023_05:41:55
PUT /api/contacts/6468 20-05-2023_05:42:02
PUT /api/contacts/6468cf89d4e9c2b5f3daf179 20-05-2023_05:42:08
PUT /api/contacts/6468cf89d4e9c2b5f3daf179 20-05-2023_05:42:24
PUT /api/contacts/6468cf89d4e9c2b5f3daf179 20-05-2023_05:43:29
PUT /api/contacts/6468cf89d4e9c2b5f3daf179 20-05-2023_05:45:05
PUT /api/contacts/6468cf89d4e9c2b5f3daf179 20-05-2023_05:45:14
PUT /api/contacts/6468cf89d4e9c2b5f3daf1790 20-05-2023_05:45:36
PUT /api/contacts/6468cf89d4e9c2b5f3daf1790 20-05-2023_05:46:15
PUT /api/contacts/6468cf89d4e9c2b5f3daf179 20-05-2023_05:46:27
PUT /api/contacts/6468cf89d4e9c2b5f3daf178 20-05-2023_05:46:32
PUT /api/contacts/6468cf89d4e9c2b5f3daf179 20-05-2023_05:46:43
PATCH /api/contacts/6468cf89d4e9c2b5f3daf1796 20-05-2023_05:47:11
PATCH /api/contacts/6468cf89d4e9c2b5f3daf1796 20-05-2023_05:47:52
PATCH /api/contacts/6468cf89d4e9c2b5f3daf179 20-05-2023_05:48:00
GET /api/contacts/6468cf89d4e9c2b5f3daf179 20-05-2023_05:48:11
PATCH /api/contacts/6468cf89d4e9c2b5f3daf179 20-05-2023_05:48:20
PATCH /api/contacts/6468cf89d4e9c2b5f3daf179/favorite 20-05-2023_05:48:56
PATCH /api/contacts/6468cf89d4e9c2b5f3daf1709/favorite 20-05-2023_05:49:04
PATCH /api/contacts/6468cf89d4e9c2b5f3daf1709/favorite 20-05-2023_05:49:49
PATCH /api/contacts/6468cf89d4e9c2b5f3daf1799/favorite 20-05-2023_05:49:56
PATCH /api/contacts/6468cf89d4e9c2b5f3daf1799/favorite 20-05-2023_05:50:05
PATCH /api/contacts/6468cf89d4e9c2b5f3daf1709/favorite 20-05-2023_05:50:14
PATCH /api/contacts/6468cf89d4e9c2b5f3daf1709/favorite 20-05-2023_05:50:19
PATCH /api/contacts/6468cf89d4e9c2b5f3daf1709/favorite 20-05-2023_05:50:25
PATCH /api/contacts/6468cf89d4e9c2b5f3daf1709/favorite 20-05-2023_05:50:44
GET /api/contacts/ 20-05-2023_05:50:56
GET /api/contacts/6468cf89d4e9c2b5f3daf179 20-05-2023_05:51:06
PATCH /api/contacts/6468cf89d4e9c2b5f3daf179/favorite 20-05-2023_05:51:18
PATCH /api/contacts/6468cf89d4e9c2b5f3daf1790/favorite 20-05-2023_05:51:28
PATCH /api/contacts/6468cf89d4e9c2b5f3daf170/favorite 20-05-2023_05:51:38
GET /api/contacts/6468cf89d4e9c2b5f3daf170 20-05-2023_05:51:49
GET /api/contacts/6468cf89d4e9c2b5f3daf170 20-05-2023_05:52:54
GET /api/contacts/6468cf89d4e9c2b5f3daf179 20-05-2023_05:53:00
PATCH /api/contacts/6468cf89d4e9c2b5f3daf179/favorite 20-05-2023_05:53:17
PATCH /api/contacts/6468cf89d4e9c2b5f3daf170/favorite 20-05-2023_05:53:24
PATCH /api/contacts/6468cf89d4e9c2b5f3daf170/favorite 20-05-2023_05:53:26
PATCH /api/contacts/6468cf89d4e9c2b5f3daf170/favorite 20-05-2023_05:53:28
PATCH /api/contacts/6468cf89d4e9c2b5f3daf170/favorite 20-05-2023_05:53:34
PATCH /api/contacts/6468cf89d4e9c2b5f3daf179/favorite 20-05-2023_05:53:41
PATCH /api/contacts/6468cf89d4e9c2b5f3daf179/favorite 20-05-2023_05:57:37
PATCH /api/contacts/6468cf89d4e9c2b5f3daf170/favorite 20-05-2023_05:57:42
PATCH /api/contacts/6468cf89d4e9c2b5f3daf170/favorite 20-05-2023_05:57:44
PATCH /api/contacts/6468cf89d4e9c2b5f3daf170/favorite 20-05-2023_05:58:18
PATCH /api/contacts/6468cf89d4e9c2b5f3daf170/favorite 20-05-2023_05:58:20
PATCH /api/contacts/6468cf89d4e9c2b5f3daf170/favorite 20-05-2023_06:02:49
PATCH /api/contacts/6468cf89d4e9c2b5f3daf177/favorite 20-05-2023_06:03:03
PATCH /api/contacts/6468cf89d4e9c2b5f3daf177t/favorite 20-05-2023_06:03:08
PATCH /api/contacts/6468cf89d4e9c2b5f3daf179/favorite 20-05-2023_06:03:32
PATCH /api/contacts/6468cf89d4e9c2b5f3daf1795/favorite 20-05-2023_06:03:39
PATCH /api/contacts/6468cf89d4e9c2b5f3daf1795/favorite 20-05-2023_06:03:51
PATCH /api/contacts/6468cf89d4e9c2b5f3daf1795/favorite 20-05-2023_06:03:57
PATCH /api/contacts/6468cf89d4e9c2b5f3daf1795/favorite 20-05-2023_06:04:26
PATCH /api/contacts/6468cf89d4e9c2b5f3daf179/favorite 20-05-2023_06:06:15
PUT /api/contacts/6468cf89d4e9c2b5f3daf179 20-05-2023_06:06:32
PUT /api/contacts/6468cf89d4e9c2b5f3daf1790 20-05-2023_06:06:39
PUT /api/contacts/6468cf89d4e9c2b5f3daf170 20-05-2023_06:06:45
PUT /api/contacts/6468cf89d4e9c2b5f3daf179 20-05-2023_06:06:51
PUT /api/contacts/6468cf89d4e9c2b5f3daf179 20-05-2023_06:12:05
PUT /api/contacts/6468cf89d4e9c2b5f3daf170 20-05-2023_06:12:13
PUT /api/contacts/6468cf89d4e9c2b5f3daf171 20-05-2023_06:12:20
PUT /api/contacts/6468cf89d4e9c2b5f3daf179 20-05-2023_06:12:26
PUT /api/contacts/6468cf89d4e9c2b5f3daf1791 20-05-2023_06:12:31
PUT /api/contacts/6468cf89d4e9c2b5f3daf1791 20-05-2023_06:23:10
PUT /api/contacts/6468cf89d4e9c2b5f3daf1791 20-05-2023_06:23:13
PUT /api/contacts/6468cf89d4e9c2b5f3daf179 20-05-2023_06:23:17
PUT /api/contacts/6468cf89d4e9c2b5f3daf1 20-05-2023_06:23:23
PUT /api/contacts/6468cf89d4e9c2b5f3daf179 20-05-2023_06:23:30
PUT /api/contacts/6468cf89d4e9c2b5f3daf1 20-05-2023_06:23:38
PUT /api/contacts/6468cf89d4e9c2b5f3daf189 20-05-2023_06:23:51
PUT /api/contacts/6468cf89d4e9c2b5f3daf179 20-05-2023_06:23:57
PUT /api/contacts/6468cf89d4e9c2b5f3daf100 20-05-2023_06:24:04
PUT /api/contacts/6468cf89d4e9c2b5f3daf100 20-05-2023_06:24:49
PUT /api/contacts/6468cf89d4e9c2b5f3daf100 20-05-2023_06:27:06
PUT /api/contacts/6468cf89d4e9c2b5f3daf100 20-05-2023_06:27:10
PUT /api/contacts/6468cf89d4e9c2b5f3daf100 20-05-2023_06:34:59
PUT /api/contacts/6468cf89d4e9c2b5f3daf100 20-05-2023_06:35:03
PUT /api/contacts/6468cf89d4e9c2b5f3daf100 20-05-2023_06:35:06
PUT /api/contacts/6468cf89d4e9c2b5f3daf100 20-05-2023_06:35:34
PUT /api/contacts/6468cf89d4e9c2b5f3daf100 20-05-2023_06:36:28
PUT /api/contacts/6468cf89d4e9c2b5f3daf100 20-05-2023_06:36:51
PUT /api/contacts/6468cf89d4e9c2b5f3daf100 20-05-2023_06:37:18
PUT /api/contacts/6468cf89d4e9c2b5f3daf100 20-05-2023_06:37:24
PUT /api/contacts/6468cf89d4e9c2b5f3daf100 20-05-2023_06:43:15
PUT /api/contacts/6468cf89d4e9c2b5f3daf100 20-05-2023_06:43:20
PUT /api/contacts/6468cf89d4e9c2b5f3daf100 20-05-2023_06:44:15
PUT /api/contacts/6468cf89d4e9c2b5f3daf100 20-05-2023_06:44:50
PUT /api/contacts/6468cf89d4e9c2b5f3daf100 20-05-2023_06:44:55
PUT /api/contacts/6468cf89d4e9c2b5f3daf100 20-05-2023_06:47:10
PUT /api/contacts/6468cf89d4e9c2b5f3daf100 20-05-2023_06:47:40
PUT /api/contacts/6468cf89d4e9c2b5f3daf100 20-05-2023_06:47:43
PUT /api/contacts/6468cf89d4e9c2b5f3daf100 20-05-2023_06:48:32
PUT /api/contacts/6468cf89d4e9c2b5f3daf1006 20-05-2023_06:49:06
PUT /api/contacts/6468cf89d4e9c2b5f3daf1006 20-05-2023_06:51:57
PUT /api/contacts/6468cf89d4e9c2b5f3daf100 20-05-2023_06:52:05
PUT /api/contacts/6468cf89d4e9c2b5f3daf179 20-05-2023_06:54:40
GET /api/contacts/6468cf89d4e9c2b5f3daf179 20-05-2023_06:54:53
GET /api/contacts/6468cf89d4e9c2b5f3daf170 20-05-2023_06:55:33
GET /api/contacts/6468cf89d4e9c2b5f3daf170 20-05-2023_07:00:34
PATCH /api/contacts/6468cf89d4e9c2b5f3daf170 20-05-2023_07:00:46
PATCH /api/contacts/6468cf89d4e9c2b5f3daf170 20-05-2023_07:00:59
PATCH /api/contacts/6468cf89d4e9c2b5f3daf179 20-05-2023_07:01:10
PATCH /api/contacts/6468cf89d4e9c2b5f3daf179 20-05-2023_07:01:13
PUT /api/contacts/6468cf89d4e9c2b5f3daf179 20-05-2023_07:01:23
PUT /api/contacts/6468cf89d4e9c2b5f3daf170 20-05-2023_07:01:28
PUT /api/contacts/6468cf89d4e9c2b5f3daf170 20-05-2023_07:01:34
PUT /api/contacts/6468cf89d4e9c2b5f3daf170 20-05-2023_07:02:12
PUT /api/contacts/6468cf89d4e9c2b5f3daf170 20-05-2023_07:08:25
PUT /api/contacts/6468cf89d4e9c2b5f3daf170 20-05-2023_07:08:28
PUT /api/contacts/6468cf89d4e9c2b5f3daf170 20-05-2023_07:08:31
PUT /api/contacts/6468cf89d4e9c2b5f3daf170 20-05-2023_07:08:34
PUT /api/contacts/6468cf89d4e9c2b5f3daf170 20-05-2023_07:08:37
PUT /api/contacts/6468cf89d4e9c2b5f3daf170 20-05-2023_07:08:42
PUT /api/contacts/6468cf89d4e9c2b5f3daf170 20-05-2023_07:09:07
PUT /api/contacts/6468cf89d4e9c2b5f3daf170 20-05-2023_07:09:11
PUT /api/contacts/6468cf89d4e9c2b5f3daf170 20-05-2023_07:09:28
PUT /api/contacts/6468cf89d4e9c2b5f3daf170 20-05-2023_07:10:17
PUT /api/contacts/6468cf89d4e9c2b5f3daf170 20-05-2023_07:10:20
PUT /api/contacts/6468cf89d4e9c2b5f3daf170 20-05-2023_07:11:15
PUT /api/contacts/6468cf89d4e9c2b5f3daf170 20-05-2023_07:11:17
PUT /api/contacts/6468cf89d4e9c2b5f3daf170 20-05-2023_07:12:06
PUT /api/contacts/6468cf89d4e9c2b5f3daf170 20-05-2023_07:12:08
PUT /api/contacts/6468cf89d4e9c2b5f3daf170 20-05-2023_07:12:10
PUT /api/contacts/6468cf89d4e9c2b5f3daf170 20-05-2023_07:12:11
PUT /api/contacts/6468cf89d4e9c2b5f3daf170 20-05-2023_07:16:00
PUT /api/contacts/6468cf89d4e9c2b5f3daf170 20-05-2023_07:16:02
PUT /api/contacts/6468cf89d4e9c2b5f3daf170 20-05-2023_07:16:36
PUT /api/contacts/6468cf89d4e9c2b5f3daf170 20-05-2023_07:24:01
PUT /api/contacts/6468cf89d4e9c2b5f3daf170 20-05-2023_07:24:21
PUT /api/contacts/6468cf89d4e9c2b5f3daf170 20-05-2023_07:24:32
PUT /api/contacts/6468cf89d4e9c2b5f3daf170 20-05-2023_07:25:04
PUT /api/contacts/6468cf89d4e9c2b5f3daf170 20-05-2023_07:25:10
PUT /api/contacts/6468cf89d4e9c2b5f3daf170 20-05-2023_07:25:42
PUT /api/contacts/6468cf89d4e9c2b5f3daf170 20-05-2023_07:25:43
PUT /api/contacts/6468cf89d4e9c2b5f3daf170 20-05-2023_07:25:46
PUT /api/contacts/6468cf89d4e9c2b5f3daf170 20-05-2023_07:26:28
PUT /api/contacts/6468cf89d4e9c2b5f3daf170 20-05-2023_07:26:32
PUT /api/contacts/6468cf89d4e9c2b5f3daf170 20-05-2023_07:26:49
PUT /api/contacts/6468cf89d4e9c2b5f3daf170 20-05-2023_07:29:53
PUT /api/contacts/6468cf89d4e9c2b5f3daf170 20-05-2023_07:30:01
PUT /api/contacts/6468cf89d4e9c2b5f3daf170 20-05-2023_07:30:44
PUT /api/contacts/6468cf89d4e9c2b5f3daf170 20-05-2023_07:30:46
PUT /api/contacts/6468cf89d4e9c2b5f3daf170 20-05-2023_07:30:47
PUT /api/contacts/6468cf89d4e9c2b5f3daf170 20-05-2023_07:30:48
PUT /api/contacts/6468cf89d4e9c2b5f3daf170 20-05-2023_07:30:49
PUT /api/contacts/6468cf89d4e9c2b5f3daf170 20-05-2023_07:31:09
PUT /api/contacts/6468cf89d4e9c2b5f3daf170 20-05-2023_07:32:54
PUT /api/contacts/6468cf89d4e9c2b5f3daf170 20-05-2023_07:32:57
PUT /api/contacts/6468cf89d4e9c2b5f3daf170 20-05-2023_07:33:04
PUT /api/contacts/6468cf89d4e9c2b5f3daf170 20-05-2023_07:34:08
PUT /api/contacts/6468cf89d4e9c2b5f3daf170 20-05-2023_07:34:11
PUT /api/contacts/6468cf89d4e9c2b5f3daf170 20-05-2023_07:35:48
PUT /api/contacts/6468cf89d4e9c2b5f3daf170 20-05-2023_07:35:50
PUT /api/contacts/6468cf89d4e9c2b5f3daf170 20-05-2023_07:35:54
PUT /api/contacts/6468cf89d4e9c2b5f3daf170 20-05-2023_07:36:41
PUT /api/contacts/6468cf89d4e9c2b5f3daf170 20-05-2023_07:36:44
PUT /api/contacts/6468cf89d4e9c2b5f3daf170 20-05-2023_07:36:47
PUT /api/contacts/6468cf89d4e9c2b5f3daf170 20-05-2023_07:37:01
PATCH /api/contacts/6468cf89d4e9c2b5f3daf170 20-05-2023_07:37:11
PATCH /api/contacts/6468cf89d4e9c2b5f3daf170 20-05-2023_07:37:20
PATCH /api/contacts/6468cf89d4e9c2b5f3daf170/favorite 20-05-2023_07:37:40
PATCH /api/contacts/6468cf89d4e9c2b5f3daf170/favorite 20-05-2023_07:37:58
PATCH /api/contacts/6468cf89d4e9c2b5f3daf170/favorite 20-05-2023_07:43:44
PATCH /api/contacts/6468cf89d4e9c2b5f3daf170/favorite 20-05-2023_07:44:23
PATCH /api/contacts/6468cf89d4e9c2b5f3daf170/favorite 20-05-2023_07:44:28
PATCH /api/contacts/6468cf89d4e9c2b5f3daf170/favorite 20-05-2023_07:45:11
PATCH /api/contacts/6468cf89d4e9c2b5f3daf170/favorite 20-05-2023_07:47:03
PATCH /api/contacts/6468cf89d4e9c2b5f3daf176/favorite 20-05-2023_07:47:14
PATCH /api/contacts/6468cf89d4e9c2b5f3daf176/favorite 20-05-2023_07:48:12
PATCH /api/contacts/6468cf89d4e9c2b5f3daf176/favorite 20-05-2023_07:48:33
GET /api/contacts/ 20-05-2023_07:48:46
PATCH /api/contacts/6468cf89d4e9c2b5f3daf179/favorite 20-05-2023_07:49:12
PATCH /api/contacts/6468cf89d4e9c2b5f3daf177/favorite 20-05-2023_07:49:26
PUT /api/contacts/6468cf89d4e9c2b5f3daf177/ 20-05-2023_07:49:42
PUT /api/contacts/6468cf89d4e9c2b5f3daf179 20-05-2023_07:50:49
GET /api/contacts/6468cf89d4e9c2b5f3daf179 20-05-2023_07:50:57
PUT /api/contacts/6468cf89d4e9c2b5f3daf179 20-05-2023_07:51:26
PUT /api/contacts/6468cf89d4e9c2b5f3daf170 20-05-2023_07:51:32
PUT /api/contacts/6468cf89d4e9c2b5f3daf170 20-05-2023_07:51:42
PUT /api/contacts/6468cf89d4e9c2b5f3daf179 20-05-2023_07:52:00
PUT /api/contacts/6468cf89d4e9c2b5f3daf179 20-05-2023_07:52:09
GET /api/contacts/6468cf89d4e9c2b5f3daf179 20-05-2023_07:52:21
POST /api/contacts/6468cf89d4e9c2b5f3daf179 20-05-2023_07:52:26
PUT /api/contacts/6468cf89d4e9c2b5f3daf179 20-05-2023_07:52:34
DELETE /api/contacts/6468cf89d4e9c2b5f3daf170 20-05-2023_07:54:06
POST /api/contacts/ 20-05-2023_07:55:26
PUT /api/contacts/ 20-05-2023_07:55:52
GET /api/contacts/ 20-05-2023_07:56:38
PUT /api/contacts/6468fb7e187f7027470a8af5 20-05-2023_07:56:53
POST /api/contacts/6468fb7e187f7027470a8af5 20-05-2023_07:57:20
PUT /api/contacts/6468fb7e187f7027470a8af7 20-05-2023_07:59:25
PUT /api/contacts/6468fb7e187f7027470a8af7 20-05-2023_07:59:30
PUT /api/contacts/6468fb7e187f7027470a8af70 20-05-2023_08:00:06
PUT /api/contacts/6468fb7e187f7027470a8af70 20-05-2023_08:00:12
PATCH /api/contacts/6468fb7e187f7027470a8af70/favorite 20-05-2023_08:00:41
PATCH /api/contacts/6468fb7e187f7027470a8af5/favorite 20-05-2023_08:01:28
PATCH /api/contacts/6468fb7e187f7027470a8af5/favorite 20-05-2023_08:01:37
PATCH /api/contacts/6468fb7e187f7027470a8af5/favorite 20-05-2023_08:01:51
PATCH /api/contacts/6468fb7e187f7027470a8af56/favorite 20-05-2023_08:01:56
PATCH /api/contacts/6468fb7e187f7027470a8af56/favorite 20-05-2023_08:03:29
PATCH /api/contacts/6468fb7e187f7027470a8af5/favorite 20-05-2023_08:03:41
PATCH /api/contacts/6468fb7e187f7027470a8af5/favorite 20-05-2023_08:03:49
PATCH /api/contacts/6468fb7e187f7027470a8afr5/favorite 20-05-2023_08:03:57